[03-Sep-2020 06:17:25 Europe/Berlin] Header
[03-Sep-2020 07:51:44 Europe/Berlin] Header
[03-Sep-2020 07:51:44 Europe/Berlin] PHP Notice:  Undefined variable: loc_id in C:\xampp\htdocs\PortalPrint\controller\operations.php on line 176
[03-Sep-2020 07:54:50 Europe/Berlin] Header
[03-Sep-2020 07:54:50 Europe/Berlin] PHP Notice:  Undefined variable: loc_id in C:\xampp\htdocs\PortalPrint\controller\operations.php on line 176
[03-Sep-2020 07:58:36 Europe/Berlin] Header
[03-Sep-2020 07:58:36 Europe/Berlin] PHP Notice:  Undefined variable: loc_id in C:\xampp\htdocs\PortalPrint\controller\operations.php on line 176
[03-Sep-2020 07:59:46 Europe/Berlin] Header
[03-Sep-2020 07:59:46 Europe/Berlin] PHP Notice:  Undefined variable: loc_id in C:\xampp\htdocs\PortalPrint\controller\operations.php on line 177
[03-Sep-2020 08:00:44 Europe/Berlin] Header
[03-Sep-2020 08:02:06 Europe/Berlin] Header
[03-Sep-2020 08:22:10 Europe/Berlin] Header
[03-Sep-2020 08:22:29 Europe/Berlin] Header
[03-Sep-2020 09:02:49 Europe/Berlin] Header
[03-Sep-2020 09:02:53 Europe/Berlin] Header
[03-Sep-2020 09:02:57 Europe/Berlin] Header
[03-Sep-2020 09:02:59 Europe/Berlin] Header
[03-Sep-2020 09:03:06 Europe/Berlin] Header
[03-Sep-2020 09:03:10 Europe/Berlin] Header
[03-Sep-2020 10:52:29 Europe/Berlin] Header
[03-Sep-2020 10:52:35 Europe/Berlin] Header
[03-Sep-2020 10:52:40 Europe/Berlin] Header
[03-Sep-2020 10:52:44 Europe/Berlin] Header
[03-Sep-2020 11:40:16 Europe/Berlin] Header
[03-Sep-2020 11:41:41 Europe/Berlin] Header
[03-Sep-2020 11:41:43 Europe/Berlin] Header
[03-Sep-2020 11:42:13 Europe/Berlin] Header
[03-Sep-2020 11:42:18 Europe/Berlin] Header
[03-Sep-2020 11:42:22 Europe/Berlin] Header
[03-Sep-2020 11:42:27 Europe/Berlin] Header
[03-Sep-2020 11:42:33 Europe/Berlin] Header
[03-Sep-2020 11:42:33 Europe/Berlin] PHP Notice:  Undefined offset: 1 in C:\xampp\htdocs\PortalPrint\controller\operations.php on line 319
[03-Sep-2020 11:42:33 Europe/Berlin] PHP Warning:  count(): Parameter must be an array or an object that implements Countable in C:\xampp\htdocs\PortalPrint\controller\operations.php on line 319
[03-Sep-2020 11:42:55 Europe/Berlin] Header
[03-Sep-2020 11:42:56 Europe/Berlin] Header
[03-Sep-2020 11:42:56 Europe/Berlin] PHP Notice:  Undefined offset: 1 in C:\xampp\htdocs\PortalPrint\controller\operations.php on line 319
[03-Sep-2020 11:42:56 Europe/Berlin] PHP Warning:  count(): Parameter must be an array or an object that implements Countable in C:\xampp\htdocs\PortalPrint\controller\operations.php on line 319
[03-Sep-2020 11:43:37 Europe/Berlin] Header
[03-Sep-2020 11:43:47 Europe/Berlin] Header
[03-Sep-2020 11:43:47 Europe/Berlin] PHP Notice:  Undefined offset: 1 in C:\xampp\htdocs\PortalPrint\controller\operations.php on line 319
[03-Sep-2020 11:43:47 Europe/Berlin] PHP Warning:  count(): Parameter must be an array or an object that implements Countable in C:\xampp\htdocs\PortalPrint\controller\operations.php on line 319
[03-Sep-2020 11:44:55 Europe/Berlin] Header
[03-Sep-2020 11:44:57 Europe/Berlin] Header
[03-Sep-2020 11:44:57 Europe/Berlin] PHP Notice:  Undefined offset: 1 in C:\xampp\htdocs\PortalPrint\controller\operations.php on line 319
[03-Sep-2020 11:44:57 Europe/Berlin] PHP Warning:  count(): Parameter must be an array or an object that implements Countable in C:\xampp\htdocs\PortalPrint\controller\operations.php on line 319
[03-Sep-2020 11:47:19 Europe/Berlin] Header
[03-Sep-2020 11:47:21 Europe/Berlin] Header
[03-Sep-2020 11:47:21 Europe/Berlin] PHP Notice:  Undefined offset: 2 in C:\xampp\htdocs\PortalPrint\controller\operations.php on line 319
[03-Sep-2020 11:47:21 Europe/Berlin] PHP Warning:  count(): Parameter must be an array or an object that implements Countable in C:\xampp\htdocs\PortalPrint\controller\operations.php on line 319
[03-Sep-2020 11:47:44 Europe/Berlin] Header
[03-Sep-2020 11:48:21 Europe/Berlin] Header
[03-Sep-2020 11:48:22 Europe/Berlin] Header
[03-Sep-2020 11:48:22 Europe/Berlin] PHP Notice:  Undefined offset: 2 in C:\xampp\htdocs\PortalPrint\controller\operations.php on line 319
[03-Sep-2020 11:48:22 Europe/Berlin] PHP Warning:  count(): Parameter must be an array or an object that implements Countable in C:\xampp\htdocs\PortalPrint\controller\operations.php on line 319
[03-Sep-2020 11:48:42 Europe/Berlin] Header
[03-Sep-2020 11:48:45 Europe/Berlin] Header
[03-Sep-2020 11:48:45 Europe/Berlin] PHP Notice:  Undefined offset: 2 in C:\xampp\htdocs\PortalPrint\controller\operations.php on line 319
[03-Sep-2020 11:48:45 Europe/Berlin] PHP Warning:  count(): Parameter must be an array or an object that implements Countable in C:\xampp\htdocs\PortalPrint\controller\operations.php on line 319
[03-Sep-2020 11:50:23 Europe/Berlin] Header
[03-Sep-2020 11:50:24 Europe/Berlin] Header
[03-Sep-2020 11:50:24 Europe/Berlin] PHP Notice:  Undefined offset: 2 in C:\xampp\htdocs\PortalPrint\controller\operations.php on line 319
[03-Sep-2020 11:50:24 Europe/Berlin] PHP Warning:  count(): Parameter must be an array or an object that implements Countable in C:\xampp\htdocs\PortalPrint\controller\operations.php on line 319
[03-Sep-2020 11:51:12 Europe/Berlin] Header
[03-Sep-2020 11:51:15 Europe/Berlin] Header
[03-Sep-2020 11:51:59 Europe/Berlin] Header
[03-Sep-2020 11:52:00 Europe/Berlin] Header
[03-Sep-2020 11:55:18 Europe/Berlin] Header
[03-Sep-2020 11:55:19 Europe/Berlin] Header
[03-Sep-2020 12:50:16 Europe/Berlin] Header
[03-Sep-2020 12:50:19 Europe/Berlin] Header
[03-Sep-2020 13:28:23 Europe/Berlin] Header
[03-Sep-2020 13:28:23 Europe/Berlin] PHP Notice:  Undefined variable: barcode in C:\xampp\htdocs\PortalPrint\controller\operations.php on line 333
[03-Sep-2020 13:28:46 Europe/Berlin] Header
[03-Sep-2020 13:28:46 Europe/Berlin] PHP Notice:  Undefined variable: barcode in C:\xampp\htdocs\PortalPrint\controller\operations.php on line 333
[03-Sep-2020 13:30:04 Europe/Berlin] Header
[03-Sep-2020 13:36:52 Europe/Berlin] Header
[03-Sep-2020 13:53:06 Europe/Berlin] Header
[03-Sep-2020 13:56:42 Europe/Berlin] Header
[03-Sep-2020 13:57:52 Europe/Berlin] Header
[03-Sep-2020 13:57:57 Europe/Berlin] Header
[03-Sep-2020 14:07:11 Europe/Berlin] Header
[03-Sep-2020 14:07:14 Europe/Berlin] Header
[03-Sep-2020 14:07:18 Europe/Berlin] Header
[03-Sep-2020 14:07:22 Europe/Berlin] Header
[03-Sep-2020 14:13:57 Europe/Berlin] Header
[03-Sep-2020 14:13:59 Europe/Berlin] Header
[04-Sep-2020 13:34:34 Europe/Berlin] Header
[04-Sep-2020 13:34:35 Europe/Berlin] PHP Notice:  Undefined offset: 0 in C:\xampp\htdocs\PortalPrint\plugins\PHPExcel\PHPExcel\Cell\DefaultValueBinder.php on line 82
[04-Sep-2020 13:34:35 Europe/Berlin] PHP Warning:  preg_match() expects parameter 2 to be string, array given in C:\xampp\htdocs\PortalPrint\plugins\PHPExcel\PHPExcel\Cell\DefaultValueBinder.php on line 88
[04-Sep-2020 13:34:35 Europe/Berlin] PHP Warning:  mb_substr() expects parameter 1 to be string, array given in C:\xampp\htdocs\PortalPrint\plugins\PHPExcel\PHPExcel\Shared\String.php on line 581
[04-Sep-2020 13:34:35 Europe/Berlin] PHP Notice:  Undefined offset: 0 in C:\xampp\htdocs\PortalPrint\plugins\PHPExcel\PHPExcel\Cell\DefaultValueBinder.php on line 82
[04-Sep-2020 13:34:35 Europe/Berlin] PHP Warning:  preg_match() expects parameter 2 to be string, array given in C:\xampp\htdocs\PortalPrint\plugins\PHPExcel\PHPExcel\Cell\DefaultValueBinder.php on line 88
[04-Sep-2020 13:34:35 Europe/Berlin] PHP Warning:  mb_substr() expects parameter 1 to be string, array given in C:\xampp\htdocs\PortalPrint\plugins\PHPExcel\PHPExcel\Shared\String.php on line 581
[04-Sep-2020 13:35:21 Europe/Berlin] Header
[04-Sep-2020 13:35:21 Europe/Berlin] PHP Notice:  Undefined offset: 0 in C:\xampp\htdocs\PortalPrint\plugins\PHPExcel\PHPExcel\Cell\DefaultValueBinder.php on line 82
[04-Sep-2020 13:35:21 Europe/Berlin] PHP Warning:  preg_match() expects parameter 2 to be string, array given in C:\xampp\htdocs\PortalPrint\plugins\PHPExcel\PHPExcel\Cell\DefaultValueBinder.php on line 88
[04-Sep-2020 13:35:21 Europe/Berlin] PHP Warning:  mb_substr() expects parameter 1 to be string, array given in C:\xampp\htdocs\PortalPrint\plugins\PHPExcel\PHPExcel\Shared\String.php on line 581
[04-Sep-2020 13:35:21 Europe/Berlin] PHP Notice:  Undefined offset: 0 in C:\xampp\htdocs\PortalPrint\plugins\PHPExcel\PHPExcel\Cell\DefaultValueBinder.php on line 82
[04-Sep-2020 13:35:21 Europe/Berlin] PHP Warning:  preg_match() expects parameter 2 to be string, array given in C:\xampp\htdocs\PortalPrint\plugins\PHPExcel\PHPExcel\Cell\DefaultValueBinder.php on line 88
[04-Sep-2020 13:35:21 Europe/Berlin] PHP Warning:  mb_substr() expects parameter 1 to be string, array given in C:\xampp\htdocs\PortalPrint\plugins\PHPExcel\PHPExcel\Shared\String.php on line 581
[04-Sep-2020 13:39:07 Europe/Berlin] Header
[04-Sep-2020 13:39:07 Europe/Berlin] PHP Notice:  Undefined offset: 0 in C:\xampp\htdocs\PortalPrint\plugins\PHPExcel\PHPExcel\Cell\DefaultValueBinder.php on line 82
[04-Sep-2020 13:39:07 Europe/Berlin] PHP Warning:  preg_match() expects parameter 2 to be string, array given in C:\xampp\htdocs\PortalPrint\plugins\PHPExcel\PHPExcel\Cell\DefaultValueBinder.php on line 88
[04-Sep-2020 13:39:07 Europe/Berlin] PHP Warning:  mb_substr() expects parameter 1 to be string, array given in C:\xampp\htdocs\PortalPrint\plugins\PHPExcel\PHPExcel\Shared\String.php on line 581
[04-Sep-2020 13:39:07 Europe/Berlin] PHP Notice:  Undefined offset: 0 in C:\xampp\htdocs\PortalPrint\plugins\PHPExcel\PHPExcel\Cell\DefaultValueBinder.php on line 82
[04-Sep-2020 13:39:07 Europe/Berlin] PHP Warning:  preg_match() expects parameter 2 to be string, array given in C:\xampp\htdocs\PortalPrint\plugins\PHPExcel\PHPExcel\Cell\DefaultValueBinder.php on line 88
[04-Sep-2020 13:39:07 Europe/Berlin] PHP Warning:  mb_substr() expects parameter 1 to be string, array given in C:\xampp\htdocs\PortalPrint\plugins\PHPExcel\PHPExcel\Shared\String.php on line 581
[04-Sep-2020 13:39:36 Europe/Berlin] Header
[04-Sep-2020 13:39:36 Europe/Berlin] PHP Notice:  Undefined offset: 0 in C:\xampp\htdocs\PortalPrint\plugins\PHPExcel\PHPExcel\Cell\DefaultValueBinder.php on line 82
[04-Sep-2020 13:39:36 Europe/Berlin] PHP Warning:  preg_match() expects parameter 2 to be string, array given in C:\xampp\htdocs\PortalPrint\plugins\PHPExcel\PHPExcel\Cell\DefaultValueBinder.php on line 88
[04-Sep-2020 13:39:36 Europe/Berlin] PHP Warning:  mb_substr() expects parameter 1 to be string, array given in C:\xampp\htdocs\PortalPrint\plugins\PHPExcel\PHPExcel\Shared\String.php on line 581
[04-Sep-2020 13:39:36 Europe/Berlin] PHP Notice:  Undefined offset: 0 in C:\xampp\htdocs\PortalPrint\plugins\PHPExcel\PHPExcel\Cell\DefaultValueBinder.php on line 82
[04-Sep-2020 13:39:36 Europe/Berlin] PHP Warning:  preg_match() expects parameter 2 to be string, array given in C:\xampp\htdocs\PortalPrint\plugins\PHPExcel\PHPExcel\Cell\DefaultValueBinder.php on line 88
[04-Sep-2020 13:39:36 Europe/Berlin] PHP Warning:  mb_substr() expects parameter 1 to be string, array given in C:\xampp\htdocs\PortalPrint\plugins\PHPExcel\PHPExcel\Shared\String.php on line 581
[04-Sep-2020 13:40:51 Europe/Berlin] Header
[04-Sep-2020 13:50:32 Europe/Berlin] Header
[04-Sep-2020 13:57:44 Europe/Berlin] Header
[07-Sep-2020 06:16:58 Europe/Berlin] Header
[07-Sep-2020 09:27:11 Europe/Berlin] Header
[07-Sep-2020 09:38:54 Europe/Berlin] Header
[07-Sep-2020 09:38:56 Europe/Berlin] Header
[07-Sep-2020 09:38:59 Europe/Berlin] Header
[07-Sep-2020 09:39:00 Europe/Berlin] Header
[07-Sep-2020 09:39:00 Europe/Berlin] PHP Notice:  Undefined offset: 1 in C:\xampp\htdocs\PortalPrint\controller\operations.php on line 322
[07-Sep-2020 09:39:00 Europe/Berlin] PHP Warning:  count(): Parameter must be an array or an object that implements Countable in C:\xampp\htdocs\PortalPrint\controller\operations.php on line 322
[07-Sep-2020 09:39:21 Europe/Berlin] Header
[07-Sep-2020 09:41:24 Europe/Berlin] Header
[07-Sep-2020 09:41:24 Europe/Berlin] PHP Notice:  Undefined offset: 1 in C:\xampp\htdocs\PortalPrint\controller\operations.php on line 304
[07-Sep-2020 09:41:24 Europe/Berlin] PHP Warning:  count(): Parameter must be an array or an object that implements Countable in C:\xampp\htdocs\PortalPrint\controller\operations.php on line 304
[07-Sep-2020 09:48:02 Europe/Berlin] Header
[07-Sep-2020 09:48:09 Europe/Berlin] Header
[07-Sep-2020 09:51:04 Europe/Berlin] Header
[07-Sep-2020 09:51:05 Europe/Berlin] Header
[07-Sep-2020 09:51:05 Europe/Berlin] PHP Notice:  Undefined offset: 1 in C:\xampp\htdocs\PortalPrint\controller\operations.php on line 322
[07-Sep-2020 09:51:05 Europe/Berlin] PHP Warning:  count(): Parameter must be an array or an object that implements Countable in C:\xampp\htdocs\PortalPrint\controller\operations.php on line 322
[07-Sep-2020 09:55:31 Europe/Berlin] Header
[07-Sep-2020 09:55:46 Europe/Berlin] Header
[07-Sep-2020 09:55:49 Europe/Berlin] Header
[07-Sep-2020 09:55:51 Europe/Berlin] Header
[07-Sep-2020 09:55:53 Europe/Berlin] Header
[07-Sep-2020 09:55:56 Europe/Berlin] Header
[07-Sep-2020 09:56:31 Europe/Berlin] Header
[07-Sep-2020 09:56:33 Europe/Berlin] Header
[07-Sep-2020 09:56:37 Europe/Berlin] Header
[07-Sep-2020 09:56:37 Europe/Berlin] PHP Notice:  Undefined offset: 1 in C:\xampp\htdocs\PortalPrint\controller\operations.php on line 322
[07-Sep-2020 09:56:37 Europe/Berlin] PHP Warning:  count(): Parameter must be an array or an object that implements Countable in C:\xampp\htdocs\PortalPrint\controller\operations.php on line 322
[07-Sep-2020 11:55:37 Europe/Berlin] Header
[07-Sep-2020 11:56:18 Europe/Berlin] Header
[07-Sep-2020 12:04:13 Europe/Berlin] Header
[08-Sep-2020 12:18:12 Europe/Berlin] Header
[08-Sep-2020 12:18:12 Europe/Berlin] PHP Notice:  Undefined offset: 0 in C:\xampp\htdocs\PortalPrint\controller\operations.php on line 179
[08-Sep-2020 12:18:12 Europe/Berlin] PHP Warning:  count(): Parameter must be an array or an object that implements Countable in C:\xampp\htdocs\PortalPrint\controller\operations.php on line 179
[08-Sep-2020 12:18:18 Europe/Berlin] Header
[08-Sep-2020 12:19:22 Europe/Berlin] Header
[08-Sep-2020 12:19:22 Europe/Berlin] PHP Notice:  Undefined offset: 0 in C:\xampp\htdocs\PortalPrint\controller\operations.php on line 179
[08-Sep-2020 12:19:22 Europe/Berlin] PHP Warning:  count(): Parameter must be an array or an object that implements Countable in C:\xampp\htdocs\PortalPrint\controller\operations.php on line 179
[08-Sep-2020 12:20:01 Europe/Berlin] Header
[08-Sep-2020 12:20:01 Europe/Berlin] PHP Notice:  Undefined offset: 0 in C:\xampp\htdocs\PortalPrint\controller\operations.php on line 179
[08-Sep-2020 12:20:01 Europe/Berlin] PHP Warning:  count(): Parameter must be an array or an object that implements Countable in C:\xampp\htdocs\PortalPrint\controller\operations.php on line 179
[08-Sep-2020 12:35:54 Europe/Berlin] Header
[08-Sep-2020 12:37:58 Europe/Berlin] Header
[08-Sep-2020 12:37:58 Europe/Berlin] PHP Notice:  Undefined offset: 0 in C:\xampp\htdocs\PortalPrint\controller\operations.php on line 179
[08-Sep-2020 12:37:58 Europe/Berlin] PHP Warning:  count(): Parameter must be an array or an object that implements Countable in C:\xampp\htdocs\PortalPrint\controller\operations.php on line 179
[08-Sep-2020 12:46:33 Europe/Berlin] Header
[08-Sep-2020 12:48:48 Europe/Berlin] Header
[08-Sep-2020 12:51:43 Europe/Berlin] Header
[08-Sep-2020 12:54:02 Europe/Berlin] Header
[08-Sep-2020 12:54:36 Europe/Berlin] Header
[08-Sep-2020 11:11:49 UTC] Header
[08-Sep-2020 11:22:27 UTC] Header
[08-Sep-2020 11:22:53 UTC] Header
[08-Sep-2020 11:25:46 UTC] Header
[08-Sep-2020 11:26:04 UTC] Header
[08-Sep-2020 11:26:48 UTC] Header
[08-Sep-2020 11:27:58 UTC] Header
[08-Sep-2020 11:32:20 UTC] Header
[08-Sep-2020 11:32:25 UTC] Header
[08-Sep-2020 11:32:59 UTC] Header
[08-Sep-2020 11:33:23 UTC] Header
[08-Sep-2020 11:36:48 UTC] Header
[08-Sep-2020 11:38:24 UTC] Header
[08-Sep-2020 11:49:55 UTC] Header
[08-Sep-2020 11:50:11 UTC] Header
[08-Sep-2020 11:50:12 UTC] Header
[09-Sep-2020 04:15:17 UTC] Header
[09-Sep-2020 04:28:06 UTC] Header
[09-Sep-2020 04:28:16 UTC] Header
[09-Sep-2020 04:32:49 UTC] Header
[09-Sep-2020 05:52:07 UTC] Header
[09-Sep-2020 05:52:19 UTC] Header
[09-Sep-2020 05:54:08 UTC] Header
[09-Sep-2020 05:54:16 UTC] Header
[09-Sep-2020 05:54:32 UTC] Header
[09-Sep-2020 05:54:35 UTC] Header
[09-Sep-2020 05:56:30 UTC] Header
[09-Sep-2020 06:01:51 UTC] Header
[09-Sep-2020 07:58:30 UTC] Header
[09-Sep-2020 07:58:42 UTC] Header
[09-Sep-2020 07:58:46 UTC] Header
[09-Sep-2020 07:58:47 UTC] Header
[09-Sep-2020 09:08:32 UTC] Header
[09-Sep-2020 09:16:34 UTC] Header
[09-Sep-2020 09:19:30 UTC] Header
[09-Sep-2020 09:20:32 UTC] Header
[09-Sep-2020 09:21:44 UTC] Header
[09-Sep-2020 09:21:51 UTC] Header
[09-Sep-2020 09:22:25 UTC] Header
[09-Sep-2020 09:23:02 UTC] Header
[09-Sep-2020 09:23:04 UTC] Header
[09-Sep-2020 09:23:09 UTC] Header
[09-Sep-2020 09:23:13 UTC] Header
[09-Sep-2020 09:23:16 UTC] Header
[09-Sep-2020 09:23:27 UTC] Header
[09-Sep-2020 09:23:59 UTC] Header
[10-Sep-2020 05:11:01 UTC] Header
[10-Sep-2020 05:13:50 UTC] Header
[10-Sep-2020 05:14:10 UTC] Header
[10-Sep-2020 05:14:15 UTC] Header
[10-Sep-2020 05:14:41 UTC] Header
[10-Sep-2020 05:14:46 UTC] Header
[10-Sep-2020 05:14:49 UTC] Header
[10-Sep-2020 05:15:03 UTC] Header
[10-Sep-2020 05:15:05 UTC] Header
[10-Sep-2020 05:15:26 UTC] Header
[10-Sep-2020 05:15:45 UTC] Header
[10-Sep-2020 05:22:18 UTC] Header
[11-Sep-2020 10:11:15 UTC] Header
[11-Sep-2020 10:11:38 UTC] Header
[16-Sep-2020 04:47:00 UTC] Header
[23-Sep-2020 11:09:13 UTC] Header
[05-Oct-2020 06:25:39 UTC] Header
[05-Oct-2020 06:25:55 UTC] Header
[09-Oct-2020 07:04:38 UTC] Header
[09-Oct-2020 07:04:46 UTC] Header
[09-Oct-2020 07:04:47 UTC] Header
[09-Oct-2020 08:02:44 UTC] Header
[16-Oct-2020 05:55:29 UTC] Header
[16-Oct-2020 05:55:39 UTC] Header
[16-Oct-2020 05:55:40 UTC] Header
[21-Oct-2020 17:52:05 UTC] Header
[21-Oct-2020 17:54:15 UTC] Header
[21-Oct-2020 18:03:38 UTC] Header
[21-Oct-2020 18:04:56 UTC] Header
[21-Oct-2020 18:05:00 UTC] Header
[21-Oct-2020 18:11:05 UTC] Header
[24-Nov-2020 07:32:49 UTC] Header
[24-Nov-2020 08:05:09 UTC] Header
[24-Nov-2020 08:05:10 UTC] Header
[24-Nov-2020 08:05:14 UTC] Header
[24-Nov-2020 08:05:17 UTC] Header
[24-Nov-2020 08:05:19 UTC] Header
[24-Nov-2020 08:05:20 UTC] Header
[24-Nov-2020 08:05:23 UTC] Header
[24-Nov-2020 08:05:25 UTC] Header
[24-Nov-2020 08:05:27 UTC] Header
[24-Nov-2020 08:05:28 UTC] Header
[24-Nov-2020 10:17:30 UTC] Header
[24-Nov-2020 10:18:45 UTC] Header
[06-Jan-2021 05:05:23 UTC] Header
[06-Jan-2021 05:05:50 UTC] Header
[16-Jan-2021 08:26:57 UTC] Header
[01-Feb-2021 06:38:31 UTC] Header
[01-Feb-2021 09:31:22 UTC] Header
[04-Feb-2021 19:13:45 UTC] Header
[23-Mar-2021 07:33:48 UTC] Header
[23-Mar-2021 07:35:17 UTC] Header
[23-Mar-2021 07:35:41 UTC] Header
[23-Mar-2021 07:35:58 UTC] Header
[23-Mar-2021 07:36:12 UTC] Header
[23-Mar-2021 07:36:20 UTC] Header
[23-Mar-2021 07:36:21 UTC] Header
[23-Mar-2021 07:36:27 UTC] Header
[23-Mar-2021 07:36:30 UTC] Header
[23-Mar-2021 07:36:34 UTC] Header
[23-Mar-2021 07:36:35 UTC] Header
[23-Mar-2021 07:39:23 UTC] Header
