[30-Jul-2020 12:48:41 Europe/Berlin] Header
[30-Jul-2020 12:48:41 Europe/Berlin] Footer
[30-Jul-2020 12:48:41 Europe/Berlin] PHP Recoverable fatal error:  Object of class mysqli_result could not be converted to string in C:\xampp\htdocs\PortalPrint\api\CHECK_TAG_AVAILABILITY.php on line 11
[30-Jul-2020 12:50:44 Europe/Berlin] Header
[30-Jul-2020 12:50:44 Europe/Berlin] Footer
[30-Jul-2020 12:50:44 Europe/Berlin] PHP Notice:  Undefined index: RES in C:\xampp\htdocs\PortalPrint\api\CHECK_TAG_AVAILABILITY.php on line 13
[30-Jul-2020 12:50:44 Europe/Berlin] PHP Notice:  Undefined variable: rowcol in C:\xampp\htdocs\PortalPrint\api\CHECK_TAG_AVAILABILITY.php on line 16
[30-Jul-2020 12:50:44 Europe/Berlin] PHP Warning:  count(): Parameter must be an array or an object that implements Countable in C:\xampp\htdocs\PortalPrint\api\CHECK_TAG_AVAILABILITY.php on line 16
[30-Jul-2020 12:51:22 Europe/Berlin] Header
[30-Jul-2020 12:51:22 Europe/Berlin] Footer
[30-Jul-2020 12:51:22 Europe/Berlin] PHP Warning:  mysqli_fetch_array() expects parameter 1 to be mysqli_result, bool given in C:\xampp\htdocs\PortalPrint\api\CHECK_TAG_AVAILABILITY.php on line 11
[30-Jul-2020 12:51:22 Europe/Berlin] PHP Notice:  Undefined variable: rowcol in C:\xampp\htdocs\PortalPrint\api\CHECK_TAG_AVAILABILITY.php on line 16
[30-Jul-2020 12:51:22 Europe/Berlin] PHP Warning:  count(): Parameter must be an array or an object that implements Countable in C:\xampp\htdocs\PortalPrint\api\CHECK_TAG_AVAILABILITY.php on line 16
[30-Jul-2020 12:52:39 Europe/Berlin] Header
[30-Jul-2020 12:52:39 Europe/Berlin] Footer
[30-Jul-2020 12:52:39 Europe/Berlin] PHP Notice:  Undefined variable: rowcol in C:\xampp\htdocs\PortalPrint\api\CHECK_TAG_AVAILABILITY.php on line 16
[30-Jul-2020 12:52:39 Europe/Berlin] PHP Warning:  count(): Parameter must be an array or an object that implements Countable in C:\xampp\htdocs\PortalPrint\api\CHECK_TAG_AVAILABILITY.php on line 16
[30-Jul-2020 13:05:59 Europe/Berlin] Header
[30-Jul-2020 13:05:59 Europe/Berlin] Footer
[30-Jul-2020 13:05:59 Europe/Berlin] PHP Notice:  Undefined variable: rowcol in C:\xampp\htdocs\PortalPrint\api\CHECK_TAG_AVAILABILITY.php on line 16
[30-Jul-2020 13:05:59 Europe/Berlin] PHP Warning:  count(): Parameter must be an array or an object that implements Countable in C:\xampp\htdocs\PortalPrint\api\CHECK_TAG_AVAILABILITY.php on line 16
[30-Jul-2020 13:07:26 Europe/Berlin] Header
[30-Jul-2020 13:07:26 Europe/Berlin] Footer
[30-Jul-2020 13:07:52 Europe/Berlin] Header
[30-Jul-2020 13:07:52 Europe/Berlin] Footer
[30-Jul-2020 13:07:58 Europe/Berlin] Header
[30-Jul-2020 13:07:58 Europe/Berlin] Footer
[30-Jul-2020 13:08:01 Europe/Berlin] Header
[30-Jul-2020 13:08:01 Europe/Berlin] Footer
[30-Jul-2020 13:08:30 Europe/Berlin] Header
[30-Jul-2020 13:08:30 Europe/Berlin] Footer
[30-Jul-2020 13:08:36 Europe/Berlin] Header
[30-Jul-2020 13:08:36 Europe/Berlin] Footer
[30-Jul-2020 13:09:09 Europe/Berlin] Header
[30-Jul-2020 13:09:09 Europe/Berlin] Footer
[30-Jul-2020 13:09:38 Europe/Berlin] Header
[30-Jul-2020 13:09:38 Europe/Berlin] Footer
[30-Jul-2020 13:09:47 Europe/Berlin] Header
[30-Jul-2020 13:09:47 Europe/Berlin] Footer
[30-Jul-2020 13:09:48 Europe/Berlin] Header
[30-Jul-2020 13:09:48 Europe/Berlin] Footer
[30-Jul-2020 13:09:51 Europe/Berlin] Header
[30-Jul-2020 13:09:51 Europe/Berlin] Footer
[30-Jul-2020 13:09:54 Europe/Berlin] Header
[30-Jul-2020 13:09:54 Europe/Berlin] Footer
[08-Oct-2020 05:53:18 UTC] Header
[08-Oct-2020 05:54:30 UTC] Header
[08-Oct-2020 06:00:25 UTC] Header
[08-Oct-2020 06:05:38 UTC] Header
[08-Oct-2020 06:05:46 UTC] Header
[08-Oct-2020 06:20:13 UTC] Header
[08-Oct-2020 06:21:06 UTC] Header
[08-Oct-2020 06:42:59 UTC] Header
[08-Oct-2020 06:43:50 UTC] Header
[08-Oct-2020 06:49:03 UTC] Header
[08-Oct-2020 06:49:16 UTC] Header
[08-Oct-2020 06:49:25 UTC] Header
[08-Oct-2020 07:03:28 UTC] Header
