[02-Sep-2020 13:33:35 Europe/Berlin] Header
[02-Sep-2020 13:35:57 Europe/Berlin] Header
[02-Sep-2020 13:36:21 Europe/Berlin] Header
[02-Sep-2020 13:38:13 Europe/Berlin] Header
[02-Sep-2020 13:38:21 Europe/Berlin] Header
[02-Sep-2020 13:38:29 Europe/Berlin] Header
[02-Sep-2020 13:39:48 Europe/Berlin] Header
[02-Sep-2020 13:40:18 Europe/Berlin] Header
[02-Sep-2020 13:40:20 Europe/Berlin] Header
[02-Sep-2020 13:40:32 Europe/Berlin] Header
[02-Sep-2020 13:40:54 Europe/Berlin] Header
[02-Sep-2020 13:41:24 Europe/Berlin] Header
[02-Sep-2020 13:44:36 Europe/Berlin] Header
[02-Sep-2020 13:44:37 Europe/Berlin] Header
[02-Sep-2020 13:44:38 Europe/Berlin] Header
[02-Sep-2020 13:45:22 Europe/Berlin] Header
[02-Sep-2020 13:45:30 Europe/Berlin] Header
[02-Sep-2020 13:45:31 Europe/Berlin] Header
[02-Sep-2020 13:45:38 Europe/Berlin] Header
[02-Sep-2020 13:45:45 Europe/Berlin] Header
[02-Sep-2020 13:47:19 Europe/Berlin] Header
[02-Sep-2020 13:48:33 Europe/Berlin] Header
[02-Sep-2020 13:49:15 Europe/Berlin] Header
[02-Sep-2020 13:49:17 Europe/Berlin] Header
[02-Sep-2020 13:49:23 Europe/Berlin] Header
[02-Sep-2020 13:49:48 Europe/Berlin] Header
[02-Sep-2020 13:49:50 Europe/Berlin] Header
[02-Sep-2020 13:50:06 Europe/Berlin] Header
[02-Sep-2020 13:51:59 Europe/Berlin] Header
[02-Sep-2020 13:52:00 Europe/Berlin] Header
[02-Sep-2020 13:52:10 Europe/Berlin] Header
[02-Sep-2020 13:52:11 Europe/Berlin] Header
[02-Sep-2020 13:52:33 Europe/Berlin] Header
[02-Sep-2020 13:53:10 Europe/Berlin] Header
[02-Sep-2020 13:53:30 Europe/Berlin] Header
[02-Sep-2020 13:54:32 Europe/Berlin] Header
[02-Sep-2020 13:57:40 Europe/Berlin] Header
[02-Sep-2020 13:58:26 Europe/Berlin] Header
[02-Sep-2020 13:59:16 Europe/Berlin] Header
[02-Sep-2020 14:48:33 Europe/Berlin] Header
[02-Sep-2020 14:49:25 Europe/Berlin] Header
[02-Sep-2020 14:50:02 Europe/Berlin] Header
[02-Sep-2020 14:51:11 Europe/Berlin] Header
[02-Sep-2020 14:51:58 Europe/Berlin] Header
[02-Sep-2020 14:53:21 Europe/Berlin] Header
[02-Sep-2020 15:10:53 Europe/Berlin] Header
[02-Sep-2020 15:11:17 Europe/Berlin] Header
[02-Sep-2020 15:11:24 Europe/Berlin] Header
[02-Sep-2020 15:12:12 Europe/Berlin] Header
[03-Sep-2020 05:53:58 Europe/Berlin] Header
[03-Sep-2020 05:53:59 Europe/Berlin] Header
[03-Sep-2020 05:54:04 Europe/Berlin] Header
[03-Sep-2020 05:59:16 Europe/Berlin] Header
[03-Sep-2020 05:59:38 Europe/Berlin] Header
[03-Sep-2020 05:59:54 Europe/Berlin] Header
[03-Sep-2020 06:02:43 Europe/Berlin] Header
[03-Sep-2020 06:17:20 Europe/Berlin] Header
[03-Sep-2020 06:17:25 Europe/Berlin] Header
[03-Sep-2020 06:17:27 Europe/Berlin] Header
[03-Sep-2020 06:17:34 Europe/Berlin] Header
[03-Sep-2020 06:17:39 Europe/Berlin] Header
[03-Sep-2020 06:22:22 Europe/Berlin] Header
[03-Sep-2020 06:22:41 Europe/Berlin] Header
[03-Sep-2020 06:23:13 Europe/Berlin] Header
[03-Sep-2020 06:23:43 Europe/Berlin] Header
[03-Sep-2020 07:04:45 Europe/Berlin] Header
[03-Sep-2020 07:48:19 Europe/Berlin] Header
[03-Sep-2020 07:48:21 Europe/Berlin] Header
[03-Sep-2020 07:51:35 Europe/Berlin] Header
[03-Sep-2020 07:58:30 Europe/Berlin] Header
[03-Sep-2020 08:00:36 Europe/Berlin] Header
[03-Sep-2020 08:00:44 Europe/Berlin] Header
[03-Sep-2020 08:22:04 Europe/Berlin] Header
[03-Sep-2020 08:22:25 Europe/Berlin] Header
[03-Sep-2020 08:22:29 Europe/Berlin] Header
[03-Sep-2020 08:23:13 Europe/Berlin] Header
[03-Sep-2020 08:26:26 Europe/Berlin] Header
[03-Sep-2020 08:27:30 Europe/Berlin] Header
[03-Sep-2020 08:28:01 Europe/Berlin] Header
[03-Sep-2020 08:28:44 Europe/Berlin] Header
[03-Sep-2020 08:28:54 Europe/Berlin] Header
[03-Sep-2020 08:29:17 Europe/Berlin] Header
[03-Sep-2020 08:29:44 Europe/Berlin] Header
[03-Sep-2020 08:29:56 Europe/Berlin] Header
[03-Sep-2020 08:30:42 Europe/Berlin] Header
[03-Sep-2020 09:02:47 Europe/Berlin] Header
[03-Sep-2020 09:03:10 Europe/Berlin] Header
[03-Sep-2020 09:05:59 Europe/Berlin] Header
[03-Sep-2020 09:07:03 Europe/Berlin] Header
[03-Sep-2020 09:07:26 Europe/Berlin] Header
[03-Sep-2020 09:07:35 Europe/Berlin] Header
[03-Sep-2020 10:45:17 Europe/Berlin] Header
[03-Sep-2020 10:46:54 Europe/Berlin] Header
[03-Sep-2020 10:48:17 Europe/Berlin] Header
[03-Sep-2020 10:49:24 Europe/Berlin] Header
[03-Sep-2020 10:49:42 Europe/Berlin] Header
[03-Sep-2020 10:50:02 Europe/Berlin] Header
[03-Sep-2020 10:50:47 Europe/Berlin] Header
[03-Sep-2020 10:51:35 Europe/Berlin] Header
[03-Sep-2020 10:51:50 Europe/Berlin] Header
[03-Sep-2020 10:52:10 Europe/Berlin] Header
[03-Sep-2020 10:52:24 Europe/Berlin] Header
[03-Sep-2020 11:37:50 Europe/Berlin] Header
[03-Sep-2020 11:39:41 Europe/Berlin] Header
[03-Sep-2020 11:40:13 Europe/Berlin] Header
[03-Sep-2020 11:40:40 Europe/Berlin] Header
[03-Sep-2020 11:41:38 Europe/Berlin] Header
[03-Sep-2020 11:41:45 Europe/Berlin] Header
[03-Sep-2020 11:42:22 Europe/Berlin] Header
[03-Sep-2020 11:47:43 Europe/Berlin] Header
[03-Sep-2020 11:48:20 Europe/Berlin] Header
[03-Sep-2020 11:55:17 Europe/Berlin] Header
[03-Sep-2020 11:55:22 Europe/Berlin] Header
[03-Sep-2020 11:55:30 Europe/Berlin] Header
[03-Sep-2020 11:55:32 Europe/Berlin] Header
[03-Sep-2020 11:55:35 Europe/Berlin] Header
[03-Sep-2020 11:55:36 Europe/Berlin] Header
[03-Sep-2020 11:57:07 Europe/Berlin] Header
[03-Sep-2020 11:57:11 Europe/Berlin] Header
[03-Sep-2020 12:50:13 Europe/Berlin] Header
[03-Sep-2020 12:50:19 Europe/Berlin] Header
[03-Sep-2020 13:19:28 Europe/Berlin] Header
[03-Sep-2020 13:25:43 Europe/Berlin] Header
[03-Sep-2020 13:26:25 Europe/Berlin] Header
[03-Sep-2020 13:27:19 Europe/Berlin] Header
[03-Sep-2020 13:28:18 Europe/Berlin] Header
[03-Sep-2020 13:29:54 Europe/Berlin] Header
[03-Sep-2020 13:30:17 Europe/Berlin] Header
[03-Sep-2020 13:52:36 Europe/Berlin] Header
[03-Sep-2020 13:56:38 Europe/Berlin] Header
[03-Sep-2020 13:57:36 Europe/Berlin] Header
[03-Sep-2020 14:07:08 Europe/Berlin] Header
[03-Sep-2020 14:13:42 Europe/Berlin] Header
[03-Sep-2020 14:14:00 Europe/Berlin] Header
[03-Sep-2020 14:14:13 Europe/Berlin] Header
[04-Sep-2020 06:08:47 Europe/Berlin] Header
[04-Sep-2020 06:09:04 Europe/Berlin] Header
[04-Sep-2020 06:09:06 Europe/Berlin] Header
[04-Sep-2020 06:09:22 Europe/Berlin] Header
[04-Sep-2020 08:04:21 Europe/Berlin] Header
[04-Sep-2020 13:32:37 Europe/Berlin] Header
[04-Sep-2020 13:33:55 Europe/Berlin] Header
[04-Sep-2020 13:34:32 Europe/Berlin] Header
[04-Sep-2020 13:35:19 Europe/Berlin] Header
[04-Sep-2020 13:57:41 Europe/Berlin] Header
[07-Sep-2020 05:59:27 Europe/Berlin] Header
[07-Sep-2020 05:59:29 Europe/Berlin] Header
[07-Sep-2020 05:59:31 Europe/Berlin] Header
[07-Sep-2020 06:16:53 Europe/Berlin] Header
[07-Sep-2020 06:16:58 Europe/Berlin] Header
[07-Sep-2020 06:17:01 Europe/Berlin] Header
[07-Sep-2020 06:17:21 Europe/Berlin] Header
[07-Sep-2020 06:17:42 Europe/Berlin] Header
[07-Sep-2020 06:45:32 Europe/Berlin] Header
[07-Sep-2020 09:27:03 Europe/Berlin] Header
[07-Sep-2020 09:27:08 Europe/Berlin] Header
[07-Sep-2020 09:38:34 Europe/Berlin] Header
[07-Sep-2020 09:38:45 Europe/Berlin] Header
[07-Sep-2020 09:38:50 Europe/Berlin] Header
[07-Sep-2020 09:38:52 Europe/Berlin] Header
[07-Sep-2020 09:38:56 Europe/Berlin] Header
[07-Sep-2020 09:47:58 Europe/Berlin] Header
[07-Sep-2020 09:47:59 Europe/Berlin] Header
[07-Sep-2020 09:54:14 Europe/Berlin] Header
[07-Sep-2020 09:55:15 Europe/Berlin] Header
[07-Sep-2020 09:55:18 Europe/Berlin] Header
[07-Sep-2020 09:55:33 Europe/Berlin] Header
[07-Sep-2020 09:55:34 Europe/Berlin] Header
[07-Sep-2020 09:55:50 Europe/Berlin] Header
[07-Sep-2020 09:55:55 Europe/Berlin] Header
[07-Sep-2020 09:56:31 Europe/Berlin] Header
[07-Sep-2020 11:55:32 Europe/Berlin] Header
[07-Sep-2020 11:55:37 Europe/Berlin] Header
[07-Sep-2020 11:56:12 Europe/Berlin] Header
[07-Sep-2020 11:56:18 Europe/Berlin] Header
[07-Sep-2020 11:56:22 Europe/Berlin] Header
[07-Sep-2020 11:56:26 Europe/Berlin] Header
[07-Sep-2020 11:57:48 Europe/Berlin] Header
[07-Sep-2020 12:04:05 Europe/Berlin] Header
[07-Sep-2020 12:04:13 Europe/Berlin] Header
[07-Sep-2020 12:04:20 Europe/Berlin] Header
[07-Sep-2020 12:11:57 Europe/Berlin] Header
[07-Sep-2020 12:12:50 Europe/Berlin] Header
[07-Sep-2020 12:12:52 Europe/Berlin] Header
[07-Sep-2020 12:20:10 Europe/Berlin] Header
[07-Sep-2020 12:20:13 Europe/Berlin] Header
[07-Sep-2020 12:21:01 Europe/Berlin] Header
[07-Sep-2020 12:22:17 Europe/Berlin] Header
[07-Sep-2020 12:30:44 Europe/Berlin] Header
[08-Sep-2020 06:17:59 Europe/Berlin] Header
[08-Sep-2020 06:18:04 Europe/Berlin] Header
[08-Sep-2020 06:21:00 Europe/Berlin] Header
[08-Sep-2020 06:27:08 Europe/Berlin] Header
[08-Sep-2020 06:30:34 Europe/Berlin] Header
[08-Sep-2020 06:30:58 Europe/Berlin] Header
[08-Sep-2020 06:31:23 Europe/Berlin] Header
[08-Sep-2020 06:40:02 Europe/Berlin] Header
[08-Sep-2020 06:41:43 Europe/Berlin] Header
[08-Sep-2020 06:46:44 Europe/Berlin] Header
[08-Sep-2020 06:48:43 Europe/Berlin] Header
[08-Sep-2020 06:48:54 Europe/Berlin] Header
[08-Sep-2020 07:18:24 Europe/Berlin] Header
[08-Sep-2020 07:19:11 Europe/Berlin] Header
[08-Sep-2020 07:19:22 Europe/Berlin] Header
[08-Sep-2020 07:19:32 Europe/Berlin] Header
[08-Sep-2020 08:34:51 Europe/Berlin] Header
[08-Sep-2020 08:41:25 Europe/Berlin] Header
[08-Sep-2020 08:42:09 Europe/Berlin] Header
[08-Sep-2020 08:44:10 Europe/Berlin] Header
[08-Sep-2020 08:50:18 Europe/Berlin] Header
[08-Sep-2020 08:53:15 Europe/Berlin] Header
[08-Sep-2020 08:54:34 Europe/Berlin] Header
[08-Sep-2020 08:54:37 Europe/Berlin] Header
[08-Sep-2020 08:55:16 Europe/Berlin] Header
[08-Sep-2020 08:55:43 Europe/Berlin] Header
[08-Sep-2020 08:55:52 Europe/Berlin] Header
[08-Sep-2020 08:56:02 Europe/Berlin] Header
[08-Sep-2020 09:02:39 Europe/Berlin] Header
[08-Sep-2020 12:11:50 Europe/Berlin] Header
[08-Sep-2020 12:11:54 Europe/Berlin] Header
[08-Sep-2020 12:12:09 Europe/Berlin] Header
[08-Sep-2020 12:12:30 Europe/Berlin] Header
[08-Sep-2020 12:15:27 Europe/Berlin] Header
[08-Sep-2020 12:16:32 Europe/Berlin] Header
[08-Sep-2020 12:46:37 Europe/Berlin] Header
[08-Sep-2020 12:46:47 Europe/Berlin] Header
[08-Sep-2020 12:46:50 Europe/Berlin] Header
[08-Sep-2020 12:46:52 Europe/Berlin] Header
[08-Sep-2020 12:47:17 Europe/Berlin] Header
[08-Sep-2020 12:48:16 Europe/Berlin] Header
[08-Sep-2020 12:48:43 Europe/Berlin] Header
[08-Sep-2020 12:48:48 Europe/Berlin] Header
[08-Sep-2020 12:50:29 Europe/Berlin] Header
[08-Sep-2020 12:53:18 Europe/Berlin] Header
[08-Sep-2020 12:54:38 Europe/Berlin] Header
[08-Sep-2020 11:11:31 UTC] Header
[08-Sep-2020 11:11:31 UTC] Header
[08-Sep-2020 11:11:49 UTC] Header
[08-Sep-2020 11:11:56 UTC] Header
[08-Sep-2020 11:22:21 UTC] Header
[08-Sep-2020 11:22:21 UTC] Header
[08-Sep-2020 11:22:27 UTC] Header
[08-Sep-2020 11:22:31 UTC] Header
[08-Sep-2020 11:22:54 UTC] Header
[08-Sep-2020 11:24:00 UTC] Header
[08-Sep-2020 11:24:24 UTC] Header
[08-Sep-2020 11:24:28 UTC] Header
[08-Sep-2020 11:26:51 UTC] Header
[08-Sep-2020 11:27:39 UTC] Header
[08-Sep-2020 11:28:00 UTC] Header
[08-Sep-2020 11:32:16 UTC] Header
[08-Sep-2020 11:32:25 UTC] Header
[08-Sep-2020 11:50:13 UTC] Header
[09-Sep-2020 04:08:03 UTC] Header
[09-Sep-2020 04:12:45 UTC] Header
[09-Sep-2020 04:15:17 UTC] Header
[09-Sep-2020 04:15:26 UTC] Header
[09-Sep-2020 04:26:32 UTC] Header
[09-Sep-2020 04:28:00 UTC] Header
[09-Sep-2020 04:28:06 UTC] Header
[09-Sep-2020 04:28:12 UTC] Header
[09-Sep-2020 04:30:50 UTC] Header
[09-Sep-2020 04:31:05 UTC] Header
[09-Sep-2020 04:31:11 UTC] Header
[09-Sep-2020 04:31:19 UTC] Header
[09-Sep-2020 04:31:19 UTC] Header
[09-Sep-2020 04:32:39 UTC] Header
[09-Sep-2020 04:32:39 UTC] Header
[09-Sep-2020 04:32:49 UTC] Header
[09-Sep-2020 04:33:02 UTC] Header
[09-Sep-2020 05:51:47 UTC] Header
[09-Sep-2020 05:51:47 UTC] Header
[09-Sep-2020 05:52:07 UTC] Header
[09-Sep-2020 05:52:15 UTC] Header
[09-Sep-2020 05:54:03 UTC] Header
[09-Sep-2020 05:54:16 UTC] Header
[09-Sep-2020 05:56:18 UTC] Header
[09-Sep-2020 05:56:18 UTC] Header
[09-Sep-2020 05:56:29 UTC] Header
[09-Sep-2020 05:56:29 UTC] Header
[09-Sep-2020 05:56:30 UTC] Header
[09-Sep-2020 05:57:18 UTC] Header
[09-Sep-2020 05:58:54 UTC] Header
[09-Sep-2020 05:58:58 UTC] Header
[09-Sep-2020 06:01:45 UTC] Header
[09-Sep-2020 06:01:45 UTC] Header
[09-Sep-2020 06:01:51 UTC] Header
[09-Sep-2020 06:01:54 UTC] Header
[09-Sep-2020 06:07:34 UTC] Header
[09-Sep-2020 06:08:26 UTC] Header
[09-Sep-2020 06:11:52 UTC] Header
[09-Sep-2020 06:12:29 UTC] Header
[09-Sep-2020 06:12:35 UTC] Header
[09-Sep-2020 06:12:42 UTC] Header
[09-Sep-2020 06:12:53 UTC] Header
[09-Sep-2020 06:13:18 UTC] Header
[09-Sep-2020 06:17:44 UTC] Header
[09-Sep-2020 06:17:48 UTC] Header
[09-Sep-2020 06:19:40 UTC] Header
[09-Sep-2020 06:19:50 UTC] Header
[09-Sep-2020 06:19:55 UTC] Header
[09-Sep-2020 06:20:06 UTC] Header
[09-Sep-2020 06:20:17 UTC] Header
[09-Sep-2020 06:20:31 UTC] Header
[09-Sep-2020 06:20:35 UTC] Header
[09-Sep-2020 06:20:41 UTC] Header
[09-Sep-2020 06:21:05 UTC] Header
[09-Sep-2020 06:21:24 UTC] Header
[09-Sep-2020 06:21:29 UTC] Header
[09-Sep-2020 06:21:31 UTC] Header
[09-Sep-2020 06:21:31 UTC] Header
[09-Sep-2020 06:22:45 UTC] Header
[09-Sep-2020 06:22:53 UTC] Header
[09-Sep-2020 06:23:32 UTC] Header
[09-Sep-2020 06:27:40 UTC] Header
[09-Sep-2020 06:30:50 UTC] Header
[09-Sep-2020 06:31:03 UTC] Header
[09-Sep-2020 06:31:24 UTC] Header
[09-Sep-2020 06:35:33 UTC] Header
[09-Sep-2020 06:36:19 UTC] Header
[09-Sep-2020 06:36:23 UTC] Header
[09-Sep-2020 06:36:30 UTC] Header
[09-Sep-2020 06:38:06 UTC] Header
[09-Sep-2020 06:38:15 UTC] Header
[09-Sep-2020 06:38:54 UTC] Header
[09-Sep-2020 06:41:23 UTC] Header
[09-Sep-2020 06:43:24 UTC] Header
[09-Sep-2020 06:44:25 UTC] Header
[09-Sep-2020 06:44:55 UTC] Header
[09-Sep-2020 06:45:04 UTC] Header
[09-Sep-2020 06:46:41 UTC] Header
[09-Sep-2020 06:50:04 UTC] Header
[09-Sep-2020 06:51:09 UTC] Header
[09-Sep-2020 06:51:17 UTC] Header
[09-Sep-2020 06:53:14 UTC] Header
[09-Sep-2020 06:53:58 UTC] Header
[09-Sep-2020 06:54:20 UTC] Header
[09-Sep-2020 06:55:05 UTC] Header
[09-Sep-2020 06:56:23 UTC] Header
[09-Sep-2020 06:59:18 UTC] Header
[09-Sep-2020 06:59:24 UTC] Header
[09-Sep-2020 06:59:45 UTC] Header
[09-Sep-2020 07:00:04 UTC] Header
[09-Sep-2020 07:58:37 UTC] Header
[09-Sep-2020 07:58:37 UTC] Header
[09-Sep-2020 07:58:42 UTC] Header
[09-Sep-2020 07:58:45 UTC] Header
[09-Sep-2020 07:58:49 UTC] Header
[09-Sep-2020 08:59:05 UTC] Header
[09-Sep-2020 08:59:05 UTC] Header
[09-Sep-2020 09:08:32 UTC] Header
[09-Sep-2020 09:08:47 UTC] Header
[09-Sep-2020 09:16:36 UTC] Header
[09-Sep-2020 09:16:55 UTC] Header
[09-Sep-2020 09:17:17 UTC] Header
[09-Sep-2020 09:17:51 UTC] Header
[09-Sep-2020 09:19:32 UTC] Header
[09-Sep-2020 09:19:42 UTC] Header
[09-Sep-2020 09:20:17 UTC] Header
[09-Sep-2020 09:20:32 UTC] Header
[09-Sep-2020 09:20:37 UTC] Header
[09-Sep-2020 09:21:51 UTC] Header
[09-Sep-2020 09:22:26 UTC] Header
[09-Sep-2020 09:22:31 UTC] Header
[09-Sep-2020 09:23:06 UTC] Header
[09-Sep-2020 09:23:13 UTC] Header
[09-Sep-2020 09:23:28 UTC] Header
[09-Sep-2020 09:23:53 UTC] Header
[09-Sep-2020 11:03:32 UTC] Header
[09-Sep-2020 11:03:32 UTC] Header
[09-Sep-2020 12:50:21 UTC] Header
[09-Sep-2020 12:50:21 UTC] Header
[10-Sep-2020 05:05:29 UTC] Header
[10-Sep-2020 05:05:30 UTC] Header
[10-Sep-2020 05:11:01 UTC] Header
[10-Sep-2020 05:11:13 UTC] Header
[10-Sep-2020 05:12:22 UTC] Header
[10-Sep-2020 05:13:52 UTC] Header
[10-Sep-2020 05:14:05 UTC] Header
[10-Sep-2020 05:14:15 UTC] Header
[10-Sep-2020 05:15:07 UTC] Header
[10-Sep-2020 05:15:31 UTC] Header
[10-Sep-2020 05:15:37 UTC] Header
[10-Sep-2020 05:17:20 UTC] Header
[10-Sep-2020 05:19:21 UTC] Header
[10-Sep-2020 05:22:18 UTC] Header
[10-Sep-2020 05:22:25 UTC] Header
[10-Sep-2020 05:32:15 UTC] Header
[11-Sep-2020 03:00:10 UTC] Header
[11-Sep-2020 03:00:10 UTC] Header
[11-Sep-2020 09:02:14 UTC] Header
[11-Sep-2020 10:11:06 UTC] Header
[11-Sep-2020 10:11:06 UTC] Header
[11-Sep-2020 10:11:15 UTC] Header
[11-Sep-2020 10:11:28 UTC] Header
[11-Sep-2020 10:11:34 UTC] Header
[16-Sep-2020 04:46:35 UTC] Header
[16-Sep-2020 04:46:35 UTC] Header
[16-Sep-2020 04:47:01 UTC] Header
[16-Sep-2020 07:50:32 UTC] Header
[16-Sep-2020 07:50:32 UTC] Header
[23-Sep-2020 04:59:54 UTC] Header
[23-Sep-2020 04:59:55 UTC] Header
[23-Sep-2020 11:09:07 UTC] Header
[23-Sep-2020 11:09:07 UTC] Header
[23-Sep-2020 11:09:14 UTC] Header
[23-Sep-2020 11:21:30 UTC] Header
[05-Oct-2020 04:39:33 UTC] Header
[05-Oct-2020 04:39:33 UTC] Header
[05-Oct-2020 06:25:30 UTC] Header
[05-Oct-2020 06:25:30 UTC] Header
[05-Oct-2020 06:25:40 UTC] Header
[05-Oct-2020 06:25:52 UTC] Header
[07-Oct-2020 17:49:23 UTC] Header
[07-Oct-2020 17:49:24 UTC] Header
[07-Oct-2020 17:49:55 UTC] Header
[07-Oct-2020 17:49:56 UTC] Header
[07-Oct-2020 17:50:08 UTC] Header
[07-Oct-2020 17:50:08 UTC] Header
[09-Oct-2020 07:04:32 UTC] Header
[09-Oct-2020 07:04:32 UTC] Header
[09-Oct-2020 07:04:39 UTC] Header
[09-Oct-2020 07:04:43 UTC] Header
[09-Oct-2020 07:04:48 UTC] Header
[09-Oct-2020 07:05:27 UTC] Header
[09-Oct-2020 08:02:27 UTC] Header
[09-Oct-2020 08:02:27 UTC] Header
[09-Oct-2020 08:02:44 UTC] Header
[09-Oct-2020 08:03:04 UTC] Header
[11-Oct-2020 05:44:12 UTC] Header
[11-Oct-2020 05:44:12 UTC] Header
[12-Oct-2020 04:29:02 UTC] Header
[16-Oct-2020 05:55:21 UTC] Header
[16-Oct-2020 05:55:21 UTC] Header
[16-Oct-2020 05:55:30 UTC] Header
[16-Oct-2020 05:55:34 UTC] Header
[16-Oct-2020 05:55:36 UTC] Header
[16-Oct-2020 05:55:42 UTC] Header
[16-Oct-2020 05:55:45 UTC] Header
[21-Oct-2020 17:50:58 UTC] Header
[21-Oct-2020 17:50:58 UTC] Header
[21-Oct-2020 17:52:06 UTC] Header
[21-Oct-2020 17:52:15 UTC] Header
[21-Oct-2020 17:54:15 UTC] Header
[21-Oct-2020 17:54:21 UTC] Header
[21-Oct-2020 17:54:40 UTC] Header
[21-Oct-2020 17:54:56 UTC] Header
[21-Oct-2020 17:58:08 UTC] Header
[21-Oct-2020 18:00:25 UTC] Header
[21-Oct-2020 18:01:53 UTC] Header
[21-Oct-2020 18:02:28 UTC] Header
[21-Oct-2020 18:02:58 UTC] Header
[21-Oct-2020 18:03:05 UTC] Header
[21-Oct-2020 18:03:09 UTC] Header
[21-Oct-2020 18:03:43 UTC] Header
[21-Oct-2020 18:03:44 UTC] Header
[21-Oct-2020 18:03:49 UTC] Header
[21-Oct-2020 18:05:00 UTC] Header
[21-Oct-2020 18:10:56 UTC] Header
[24-Nov-2020 07:32:41 UTC] Header
[24-Nov-2020 07:32:41 UTC] Header
[24-Nov-2020 07:32:49 UTC] Header
[24-Nov-2020 07:32:53 UTC] Header
[24-Nov-2020 07:32:56 UTC] Header
[24-Nov-2020 07:43:31 UTC] Header
[24-Nov-2020 08:05:07 UTC] Header
[24-Nov-2020 08:05:11 UTC] Header
[24-Nov-2020 08:05:17 UTC] Header
[24-Nov-2020 08:05:21 UTC] Header
[24-Nov-2020 08:05:25 UTC] Header
[24-Nov-2020 08:05:29 UTC] Header
[24-Nov-2020 08:05:35 UTC] Header
[24-Nov-2020 08:05:38 UTC] Header
[24-Nov-2020 08:05:58 UTC] Header
[24-Nov-2020 10:17:23 UTC] Header
[24-Nov-2020 10:17:23 UTC] Header
[24-Nov-2020 10:17:30 UTC] Header
[24-Nov-2020 10:17:37 UTC] Header
[24-Nov-2020 10:17:40 UTC] Header
[24-Nov-2020 10:18:13 UTC] Header
[24-Nov-2020 10:18:16 UTC] Header
[24-Nov-2020 10:18:47 UTC] Header
[24-Nov-2020 10:18:55 UTC] Header
[24-Dec-2020 09:31:18 UTC] Header
[24-Dec-2020 09:31:18 UTC] Header
[06-Jan-2021 05:05:16 UTC] Header
[06-Jan-2021 05:05:16 UTC] Header
[06-Jan-2021 05:05:23 UTC] Header
[06-Jan-2021 05:05:39 UTC] Header
[06-Jan-2021 05:05:39 UTC] Header
[06-Jan-2021 05:05:50 UTC] Header
[06-Jan-2021 05:06:04 UTC] Header
[06-Jan-2021 05:06:17 UTC] Header
[16-Jan-2021 08:26:43 UTC] Header
[16-Jan-2021 08:26:57 UTC] Header
[16-Jan-2021 08:28:59 UTC] Header
[16-Jan-2021 08:29:03 UTC] Header
[16-Jan-2021 08:29:19 UTC] Header
[16-Jan-2021 08:49:49 UTC] Header
[16-Jan-2021 08:49:51 UTC] Header
[16-Jan-2021 08:49:55 UTC] Header
[16-Jan-2021 08:50:18 UTC] Header
[16-Jan-2021 08:50:30 UTC] Header
[16-Jan-2021 08:50:41 UTC] Header
[16-Jan-2021 08:51:21 UTC] Header
[01-Feb-2021 06:38:12 UTC] Header
[01-Feb-2021 06:38:12 UTC] Header
[01-Feb-2021 06:38:32 UTC] Header
[01-Feb-2021 06:38:41 UTC] Header
[01-Feb-2021 06:39:10 UTC] Header
[01-Feb-2021 09:20:37 UTC] Header
[01-Feb-2021 09:20:37 UTC] Header
[01-Feb-2021 09:20:44 UTC] Header
[01-Feb-2021 09:20:48 UTC] Header
[01-Feb-2021 09:31:04 UTC] Header
[01-Feb-2021 09:31:05 UTC] Header
[01-Feb-2021 09:31:22 UTC] Header
[01-Feb-2021 09:31:38 UTC] Header
[01-Feb-2021 09:33:54 UTC] Header
[01-Feb-2021 09:39:35 UTC] Header
[01-Feb-2021 11:12:24 UTC] Header
[04-Feb-2021 19:13:38 UTC] Header
[04-Feb-2021 19:13:38 UTC] Header
[04-Feb-2021 19:13:45 UTC] Header
[04-Feb-2021 19:13:53 UTC] Header
[23-Mar-2021 07:33:11 UTC] Header
[23-Mar-2021 07:33:11 UTC] Header
[23-Mar-2021 07:33:48 UTC] Header
[23-Mar-2021 07:34:00 UTC] Header
[23-Mar-2021 07:34:05 UTC] Header
[23-Mar-2021 07:34:09 UTC] Header
[23-Mar-2021 07:35:17 UTC] Header
[23-Mar-2021 07:35:27 UTC] Header
[23-Mar-2021 07:35:35 UTC] Header
[23-Mar-2021 07:35:58 UTC] Header
[23-Mar-2021 07:36:23 UTC] Header
[23-Mar-2021 07:36:30 UTC] Header
[23-Mar-2021 07:36:37 UTC] Header
[23-Mar-2021 07:36:46 UTC] Header
[23-Mar-2021 07:36:52 UTC] Header
[23-Mar-2021 07:37:23 UTC] Header
[23-Mar-2021 07:37:31 UTC] Header
[23-Mar-2021 07:37:37 UTC] Header
[23-Mar-2021 07:39:24 UTC] Header
[23-Mar-2021 07:39:34 UTC] Header
[23-Mar-2021 07:39:43 UTC] Header
[23-Mar-2021 07:39:49 UTC] Header
